TN:
SF:src\build_tree.js
FN:3,buildTree
FNF:1
FNH:1
FNDA:1,buildTree
DA:1,1
DA:2,1
DA:3,1
DA:4,1
DA:5,1
DA:6,1
DA:7,1
DA:8,1
DA:9,1
DA:10,1
DA:11,5
DA:12,1
DA:13,1
DA:14,1
DA:15,1
DA:16,1
DA:17,1
DA:18,5
DA:19,2
DA:20,2
DA:21,2
DA:22,2
DA:23,2
DA:24,2
DA:25,5
DA:26,0
DA:27,0
DA:28,0
DA:29,0
DA:30,0
DA:31,0
DA:32,5
DA:33,1
DA:34,1
DA:35,1
DA:36,1
DA:37,1
DA:38,1
DA:39,1
DA:40,1
DA:41,1
DA:42,1
DA:43,1
DA:44,1
DA:45,1
DA:46,1
DA:47,1
DA:48,1
DA:49,1
LF:49
LH:43
BRDA:3,0,0,1
BRDA:10,1,0,5
BRDA:11,2,0,1
BRDA:18,3,0,4
BRDA:18,4,0,2
BRDA:25,5,0,0
BRDA:25,6,0,0
BRDA:32,7,0,2
BRDA:32,8,0,1
BRF:9
BRH:7
end_of_record
TN:
SF:src\index.js
FN:5,genDiff
FNF:1
FNH:1
FNDA:1,genDiff
DA:1,1
DA:2,1
DA:3,1
DA:4,1
DA:5,1
DA:6,1
DA:7,1
DA:8,1
DA:9,1
DA:10,1
DA:11,1
DA:12,1
DA:13,1
DA:14,1
DA:15,1
DA:16,1
DA:17,1
DA:18,1
DA:19,1
DA:20,5
DA:21,2
DA:22,2
DA:23,5
DA:24,1
DA:25,1
DA:26,5
DA:27,1
DA:28,1
DA:29,1
DA:30,5
DA:31,1
DA:32,1
DA:33,5
DA:34,1
DA:35,1
DA:36,1
DA:37,1
DA:38,1
DA:39,1
LF:39
LH:39
BRDA:5,0,0,1
BRDA:19,1,0,5
BRDA:20,2,0,2
BRDA:23,3,0,1
BRDA:26,4,0,1
BRDA:30,5,0,1
BRF:6
BRH:6
end_of_record
TN:
SF:src\parses.js
FN:3,parse
FNF:1
FNH:1
FNDA:2,parse
DA:1,1
DA:2,1
DA:3,1
DA:4,2
DA:5,2
DA:6,2
DA:7,2
DA:8,2
DA:9,2
DA:10,2
DA:11,2
DA:12,2
DA:13,2
DA:14,1
DA:15,1
LF:15
LH:15
BRDA:3,0,0,2
BRDA:7,1,0,0
BRDA:8,2,0,0
BRDA:10,3,0,0
BRF:4
BRH:1
end_of_record
TN:
SF:src\read_file.js
FN:8,getFormat
FN:10,getFixturePath
FN:11,readFile
FNF:3
FNH:3
FNDA:2,getFormat
FNDA:2,getFixturePath
FNDA:2,readFile
DA:1,1
DA:2,1
DA:3,1
DA:4,1
DA:5,1
DA:6,1
DA:7,1
DA:8,1
DA:9,1
DA:10,1
DA:11,1
DA:12,1
DA:13,1
LF:13
LH:13
BRDA:8,0,0,2
BRDA:10,1,0,2
BRDA:11,2,0,2
BRF:3
BRH:3
end_of_record
